<?xml version="1.0" encoding="UTF-8"?>
<!-- Generated by org.testng.reporters.JUnitReportReporter -->
<testsuite hostname="Sidharths-Air" failures="0" tests="4" name="runners.MainRunner" time="83.659" errors="0" timestamp="2023-03-12T21:46:12 GMT" skipped="0">
  <testcase classname="runners.MainRunner" name="runScenario" time="17.754"/>
  <system-out/>
  <testcase classname="runners.MainRunner" name="runScenario" time="17.754"/>
  <system-out/>
  <testcase classname="runners.MainRunner" name="runScenario" time="24.075"/>
  <system-out/>
  <testcase classname="runners.MainRunner" name="runScenario" time="24.076"/>
  <system-out/>
</testsuite> <!-- runners.MainRunner -->
